0 info it worked if it ends with ok
1 verbose cli [ '/usr/local/bin/node', '/usr/local/bin/npm', 'run', 'test' ]
2 info using npm@3.9.5
3 info using node@v6.2.2
4 verbose run-script [ 'pretest', 'test', 'posttest' ]
5 info lifecycle bubble_chart@1.0.0~pretest: bubble_chart@1.0.0
6 silly lifecycle bubble_chart@1.0.0~pretest: no script for pretest, continuing
7 info lifecycle bubble_chart@1.0.0~test: bubble_chart@1.0.0
8 verbose lifecycle bubble_chart@1.0.0~test: unsafe-perm in lifecycle true
9 verbose lifecycle bubble_chart@1.0.0~test: PATH: /usr/local/lib/node_modules/npm/bin/node-gyp-bin:/Users/dongeolog/node_apps/buzzn/bubble_chart/node_modules/.bin:/usr/local/bin:/Users/dongeolog/.rvm/gems/ruby-2.3.1@buzzn/bin:/Users/dongeolog/.rvm/gems/ruby-2.3.1@global/bin:/Users/dongeolog/.rvm/rubies/ruby-2.3.1/bin:/Library/Frameworks/Python.framework/Versions/3.4/bin:/usr/local/bin:/usr/local/bin:/usr/bin:/bin:/usr/sbin:/sbin:/opt/X11/bin:/Users/dongeolog/.rvm/bin:/Users/dongeolog/.rvm/bin
10 verbose lifecycle bubble_chart@1.0.0~test: CWD: /Users/dongeolog/node_apps/buzzn/bubble_chart
11 silly lifecycle bubble_chart@1.0.0~test: Args: [ '-c',
11 silly lifecycle   'mocha --compilers js:babel-register --require babel-polyfill $(find . -name \'*.tests.js\' ! -ipath \'*node_modules*\')' ]
12 silly lifecycle bubble_chart@1.0.0~test: Returned: code: 1  signal: null
13 info lifecycle bubble_chart@1.0.0~test: Failed to exec test script
14 verbose stack Error: bubble_chart@1.0.0 test: `mocha --compilers js:babel-register --require babel-polyfill $(find . -name '*.tests.js' ! -ipath '*node_modules*')`
14 verbose stack Exit status 1
14 verbose stack     at EventEmitter.<anonymous> (/usr/local/lib/node_modules/npm/lib/utils/lifecycle.js:245:16)
14 verbose stack     at emitTwo (events.js:106:13)
14 verbose stack     at EventEmitter.emit (events.js:191:7)
14 verbose stack     at ChildProcess.<anonymous> (/usr/local/lib/node_modules/npm/lib/utils/spawn.js:24:14)
14 verbose stack     at emitTwo (events.js:106:13)
14 verbose stack     at ChildProcess.emit (events.js:191:7)
14 verbose stack     at maybeClose (internal/child_process.js:852:16)
14 verbose stack     at Process.ChildProcess._handle.onexit (internal/child_process.js:215:5)
15 verbose pkgid bubble_chart@1.0.0
16 verbose cwd /Users/dongeolog/node_apps/buzzn/bubble_chart
17 error Darwin 16.0.0
18 error argv "/usr/local/bin/node" "/usr/local/bin/npm" "run" "test"
19 error node v6.2.2
20 error npm  v3.9.5
21 error code ELIFECYCLE
22 error bubble_chart@1.0.0 test: `mocha --compilers js:babel-register --require babel-polyfill $(find . -name '*.tests.js' ! -ipath '*node_modules*')`
22 error Exit status 1
23 error Failed at the bubble_chart@1.0.0 test script 'mocha --compilers js:babel-register --require babel-polyfill $(find . -name '*.tests.js' ! -ipath '*node_modules*')'.
23 error Make sure you have the latest version of node.js and npm installed.
23 error If you do, this is most likely a problem with the bubble_chart package,
23 error not with npm itself.
23 error Tell the author that this fails on your system:
23 error     mocha --compilers js:babel-register --require babel-polyfill $(find . -name '*.tests.js' ! -ipath '*node_modules*')
23 error You can get information on how to open an issue for this project with:
23 error     npm bugs bubble_chart
23 error Or if that isn't available, you can get their info via:
23 error     npm owner ls bubble_chart
23 error There is likely additional logging output above.
24 verbose exit [ 1, true ]
